2025-09-11 00:31:46 [main] WARN  o.h.e.j.c.i.ConnectionProviderInitiator - HHH000022: c3p0 properties were encountered, but the c3p0 provider class was not found on the classpath; these properties are going to be ignored.
2025-09-11 00:31:46 [main] WARN  o.hibernate.orm.connections.pooling - HHH10001002: Using built-in connection pool (not intended for production use)
2025-09-11 00:31:48 [main] WARN  org.hibernate.orm.deprecation - HHH90000025: OracleDialect does not need to be specified explicitly using 'hibernate.dialect' (remove the property setting and it will be selected by default)
2025-09-11 00:31:52 [main] DEBUG org.hibernate.SQL - alter table MEDICINE modify COVERAGE number(10,0)
2025-09-11 00:32:04 [main] WARN  o.h.e.j.c.i.ConnectionProviderInitiator - HHH000022: c3p0 properties were encountered, but the c3p0 provider class was not found on the classpath; these properties are going to be ignored.
2025-09-11 00:32:04 [main] WARN  o.hibernate.orm.connections.pooling - HHH10001002: Using built-in connection pool (not intended for production use)
2025-09-11 00:32:10 [main] WARN  org.hibernate.orm.deprecation - HHH90000025: OracleDialect does not need to be specified explicitly using 'hibernate.dialect' (remove the property setting and it will be selected by default)
2025-09-11 00:32:13 [main] DEBUG org.hibernate.SQL - alter table MEDICINE modify COVERAGE number(10,0)
2025-09-11 00:32:20 [main] WARN  o.h.e.j.c.i.ConnectionProviderInitiator - HHH000022: c3p0 properties were encountered, but the c3p0 provider class was not found on the classpath; these properties are going to be ignored.
2025-09-11 00:32:20 [main] WARN  o.hibernate.orm.connections.pooling - HHH10001002: Using built-in connection pool (not intended for production use)
2025-09-11 00:32:26 [main] WARN  org.hibernate.orm.deprecation - HHH90000025: OracleDialect does not need to be specified explicitly using 'hibernate.dialect' (remove the property setting and it will be selected by default)
2025-09-11 00:32:29 [main] DEBUG org.hibernate.SQL - alter table MEDICINE modify COVERAGE number(10,0)
2025-09-11 00:32:35 [main] WARN  o.h.e.j.c.i.ConnectionProviderInitiator - HHH000022: c3p0 properties were encountered, but the c3p0 provider class was not found on the classpath; these properties are going to be ignored.
2025-09-11 00:32:35 [main] WARN  o.hibernate.orm.connections.pooling - HHH10001002: Using built-in connection pool (not intended for production use)
2025-09-11 00:32:41 [main] WARN  org.hibernate.orm.deprecation - HHH90000025: OracleDialect does not need to be specified explicitly using 'hibernate.dialect' (remove the property setting and it will be selected by default)
2025-09-11 00:32:44 [main] DEBUG org.hibernate.SQL - alter table MEDICINE modify COVERAGE number(10,0)
2025-09-11 00:32:54 [main] WARN  org.hibernate.orm.deprecation - HHH90000012: Recognized obsolete hibernate namespace http://hibernate.sourceforge.net/hibernate-configuration. Use namespace http://www.hibernate.org/dtd/hibernate-configuration instead.  Support for obsolete DTD/XSD namespaces may be removed at any time.
2025-09-11 00:32:54 [main] WARN  o.hibernate.orm.connections.pooling - HHH10001002: Using built-in connection pool (not intended for production use)
2025-09-11 00:32:55 [main] DEBUG org.hibernate.SQL - 
    insert 
    into
        USERS
        (ADDRESS, BIRTHDATE, CREATED_AT, CUI, EMAIL, ENABLED, EXPIRATION_DATE, NAME, PAID_SERVICE, PASSWORD, PHONE, ID_POLICY, ROL) 
    values
        (?, ?, ?, ?, ?, ?, ?, ?, ?, ?, ?, ?, ?)
2025-09-11 00:32:55 [main] DEBUG org.hibernate.SQL - 
    select
        last_insert_rowid()
2025-09-11 00:32:55 [main] WARN  org.hibernate.orm.deprecation - HHH90000012: Recognized obsolete hibernate namespace http://hibernate.sourceforge.net/hibernate-configuration. Use namespace http://www.hibernate.org/dtd/hibernate-configuration instead.  Support for obsolete DTD/XSD namespaces may be removed at any time.
2025-09-11 00:32:55 [main] WARN  o.hibernate.orm.connections.pooling - HHH10001002: Using built-in connection pool (not intended for production use)
2025-09-11 00:32:55 [main] DEBUG org.hibernate.SQL - 
    insert 
    into
        USERS
        (ADDRESS, BIRTHDATE, CREATED_AT, CUI, EMAIL, ENABLED, EXPIRATION_DATE, NAME, PAID_SERVICE, PASSWORD, PHONE, ID_POLICY, ROL) 
    values
        (?, ?, ?, ?, ?, ?, ?, ?, ?, ?, ?, ?, ?)
2025-09-11 00:32:55 [main] DEBUG org.hibernate.SQL - 
    select
        last_insert_rowid()
2025-09-11 00:32:55 [main] WARN  org.hibernate.orm.deprecation - HHH90000012: Recognized obsolete hibernate namespace http://hibernate.sourceforge.net/hibernate-configuration. Use namespace http://www.hibernate.org/dtd/hibernate-configuration instead.  Support for obsolete DTD/XSD namespaces may be removed at any time.
2025-09-11 00:32:55 [main] WARN  o.hibernate.orm.connections.pooling - HHH10001002: Using built-in connection pool (not intended for production use)
2025-09-11 00:32:55 [main] DEBUG org.hibernate.SQL - 
    insert 
    into
        USERS
        (ADDRESS, BIRTHDATE, CREATED_AT, CUI, EMAIL, ENABLED, EXPIRATION_DATE, NAME, PAID_SERVICE, PASSWORD, PHONE, ID_POLICY, ROL) 
    values
        (?, ?, ?, ?, ?, ?, ?, ?, ?, ?, ?, ?, ?)
2025-09-11 00:32:55 [main] DEBUG org.hibernate.SQL - 
    select
        last_insert_rowid()
2025-09-11 00:35:06 [main] WARN  o.h.e.j.c.i.ConnectionProviderInitiator - HHH000022: c3p0 properties were encountered, but the c3p0 provider class was not found on the classpath; these properties are going to be ignored.
2025-09-11 00:35:06 [main] WARN  o.hibernate.orm.connections.pooling - HHH10001002: Using built-in connection pool (not intended for production use)
2025-09-11 00:35:07 [main] WARN  org.hibernate.orm.deprecation - HHH90000025: OracleDialect does not need to be specified explicitly using 'hibernate.dialect' (remove the property setting and it will be selected by default)
2025-09-11 00:35:11 [main] DEBUG org.hibernate.SQL - alter table MEDICINE modify COVERAGE number(10,0)
2025-09-11 00:35:17 [main] WARN  o.h.e.j.c.i.ConnectionProviderInitiator - HHH000022: c3p0 properties were encountered, but the c3p0 provider class was not found on the classpath; these properties are going to be ignored.
2025-09-11 00:35:17 [main] WARN  o.hibernate.orm.connections.pooling - HHH10001002: Using built-in connection pool (not intended for production use)
2025-09-11 00:35:23 [main] WARN  org.hibernate.orm.deprecation - HHH90000025: OracleDialect does not need to be specified explicitly using 'hibernate.dialect' (remove the property setting and it will be selected by default)
2025-09-11 00:35:26 [main] DEBUG org.hibernate.SQL - alter table MEDICINE modify COVERAGE number(10,0)
2025-09-11 00:35:32 [main] WARN  o.h.e.j.c.i.ConnectionProviderInitiator - HHH000022: c3p0 properties were encountered, but the c3p0 provider class was not found on the classpath; these properties are going to be ignored.
2025-09-11 00:35:32 [main] WARN  o.hibernate.orm.connections.pooling - HHH10001002: Using built-in connection pool (not intended for production use)
2025-09-11 00:35:38 [main] WARN  org.hibernate.orm.deprecation - HHH90000025: OracleDialect does not need to be specified explicitly using 'hibernate.dialect' (remove the property setting and it will be selected by default)
2025-09-11 00:35:40 [main] DEBUG org.hibernate.SQL - alter table MEDICINE modify COVERAGE number(10,0)
2025-09-11 00:35:46 [main] WARN  o.h.e.j.c.i.ConnectionProviderInitiator - HHH000022: c3p0 properties were encountered, but the c3p0 provider class was not found on the classpath; these properties are going to be ignored.
2025-09-11 00:35:46 [main] WARN  o.hibernate.orm.connections.pooling - HHH10001002: Using built-in connection pool (not intended for production use)
2025-09-11 00:35:52 [main] WARN  org.hibernate.orm.deprecation - HHH90000025: OracleDialect does not need to be specified explicitly using 'hibernate.dialect' (remove the property setting and it will be selected by default)
2025-09-11 00:35:55 [main] DEBUG org.hibernate.SQL - alter table MEDICINE modify COVERAGE number(10,0)
2025-09-11 00:36:04 [main] WARN  org.hibernate.orm.deprecation - HHH90000012: Recognized obsolete hibernate namespace http://hibernate.sourceforge.net/hibernate-configuration. Use namespace http://www.hibernate.org/dtd/hibernate-configuration instead.  Support for obsolete DTD/XSD namespaces may be removed at any time.
2025-09-11 00:36:04 [main] WARN  o.hibernate.orm.connections.pooling - HHH10001002: Using built-in connection pool (not intended for production use)
2025-09-11 00:36:05 [main] DEBUG org.hibernate.SQL - 
    insert 
    into
        USERS
        (ADDRESS, BIRTHDATE, CREATED_AT, CUI, EMAIL, ENABLED, EXPIRATION_DATE, NAME, PAID_SERVICE, PASSWORD, PHONE, ID_POLICY, ROL) 
    values
        (?, ?, ?, ?, ?, ?, ?, ?, ?, ?, ?, ?, ?)
2025-09-11 00:36:05 [main] DEBUG org.hibernate.SQL - 
    select
        last_insert_rowid()
2025-09-11 00:36:05 [main] WARN  org.hibernate.orm.deprecation - HHH90000012: Recognized obsolete hibernate namespace http://hibernate.sourceforge.net/hibernate-configuration. Use namespace http://www.hibernate.org/dtd/hibernate-configuration instead.  Support for obsolete DTD/XSD namespaces may be removed at any time.
2025-09-11 00:36:05 [main] WARN  o.hibernate.orm.connections.pooling - HHH10001002: Using built-in connection pool (not intended for production use)
2025-09-11 00:36:05 [main] DEBUG org.hibernate.SQL - 
    insert 
    into
        USERS
        (ADDRESS, BIRTHDATE, CREATED_AT, CUI, EMAIL, ENABLED, EXPIRATION_DATE, NAME, PAID_SERVICE, PASSWORD, PHONE, ID_POLICY, ROL) 
    values
        (?, ?, ?, ?, ?, ?, ?, ?, ?, ?, ?, ?, ?)
2025-09-11 00:36:05 [main] DEBUG org.hibernate.SQL - 
    select
        last_insert_rowid()
2025-09-11 00:36:05 [main] WARN  org.hibernate.orm.deprecation - HHH90000012: Recognized obsolete hibernate namespace http://hibernate.sourceforge.net/hibernate-configuration. Use namespace http://www.hibernate.org/dtd/hibernate-configuration instead.  Support for obsolete DTD/XSD namespaces may be removed at any time.
2025-09-11 00:36:05 [main] WARN  o.hibernate.orm.connections.pooling - HHH10001002: Using built-in connection pool (not intended for production use)
2025-09-11 00:36:05 [main] DEBUG org.hibernate.SQL - 
    insert 
    into
        USERS
        (ADDRESS, BIRTHDATE, CREATED_AT, CUI, EMAIL, ENABLED, EXPIRATION_DATE, NAME, PAID_SERVICE, PASSWORD, PHONE, ID_POLICY, ROL) 
    values
        (?, ?, ?, ?, ?, ?, ?, ?, ?, ?, ?, ?, ?)
2025-09-11 00:36:05 [main] DEBUG org.hibernate.SQL - 
    select
        last_insert_rowid()
2025-09-11 08:16:49 [main] WARN  o.h.e.j.c.i.ConnectionProviderInitiator - HHH000022: c3p0 properties were encountered, but the c3p0 provider class was not found on the classpath; these properties are going to be ignored.
2025-09-11 08:16:49 [main] WARN  o.hibernate.orm.connections.pooling - HHH10001002: Using built-in connection pool (not intended for production use)
2025-09-11 08:16:51 [main] WARN  org.hibernate.orm.deprecation - HHH90000025: OracleDialect does not need to be specified explicitly using 'hibernate.dialect' (remove the property setting and it will be selected by default)
2025-09-11 08:16:54 [main] DEBUG org.hibernate.SQL - alter table MEDICINE modify COVERAGE number(10,0)
2025-09-11 08:17:01 [main] WARN  o.h.e.j.c.i.ConnectionProviderInitiator - HHH000022: c3p0 properties were encountered, but the c3p0 provider class was not found on the classpath; these properties are going to be ignored.
2025-09-11 08:17:01 [main] WARN  o.hibernate.orm.connections.pooling - HHH10001002: Using built-in connection pool (not intended for production use)
2025-09-11 08:17:07 [main] WARN  org.hibernate.orm.deprecation - HHH90000025: OracleDialect does not need to be specified explicitly using 'hibernate.dialect' (remove the property setting and it will be selected by default)
2025-09-11 08:17:09 [main] DEBUG org.hibernate.SQL - alter table MEDICINE modify COVERAGE number(10,0)
2025-09-11 08:17:15 [main] WARN  o.h.e.j.c.i.ConnectionProviderInitiator - HHH000022: c3p0 properties were encountered, but the c3p0 provider class was not found on the classpath; these properties are going to be ignored.
2025-09-11 08:17:15 [main] WARN  o.hibernate.orm.connections.pooling - HHH10001002: Using built-in connection pool (not intended for production use)
2025-09-11 08:17:21 [main] WARN  org.hibernate.orm.deprecation - HHH90000025: OracleDialect does not need to be specified explicitly using 'hibernate.dialect' (remove the property setting and it will be selected by default)
2025-09-11 08:17:24 [main] DEBUG org.hibernate.SQL - alter table MEDICINE modify COVERAGE number(10,0)
2025-09-11 08:17:30 [main] WARN  o.h.e.j.c.i.ConnectionProviderInitiator - HHH000022: c3p0 properties were encountered, but the c3p0 provider class was not found on the classpath; these properties are going to be ignored.
2025-09-11 08:17:30 [main] WARN  o.hibernate.orm.connections.pooling - HHH10001002: Using built-in connection pool (not intended for production use)
2025-09-11 08:17:36 [main] WARN  org.hibernate.orm.deprecation - HHH90000025: OracleDialect does not need to be specified explicitly using 'hibernate.dialect' (remove the property setting and it will be selected by default)
2025-09-11 08:17:39 [main] DEBUG org.hibernate.SQL - alter table MEDICINE modify COVERAGE number(10,0)
2025-09-11 08:17:49 [main] WARN  org.hibernate.orm.deprecation - HHH90000012: Recognized obsolete hibernate namespace http://hibernate.sourceforge.net/hibernate-configuration. Use namespace http://www.hibernate.org/dtd/hibernate-configuration instead.  Support for obsolete DTD/XSD namespaces may be removed at any time.
2025-09-11 08:17:49 [main] WARN  o.hibernate.orm.connections.pooling - HHH10001002: Using built-in connection pool (not intended for production use)
2025-09-11 08:17:49 [main] DEBUG org.hibernate.SQL - 
    insert 
    into
        USERS
        (ADDRESS, BIRTHDATE, CREATED_AT, CUI, EMAIL, ENABLED, EXPIRATION_DATE, NAME, PAID_SERVICE, PASSWORD, PHONE, ID_POLICY, ROL) 
    values
        (?, ?, ?, ?, ?, ?, ?, ?, ?, ?, ?, ?, ?)
2025-09-11 08:17:49 [main] DEBUG org.hibernate.SQL - 
    select
        last_insert_rowid()
2025-09-11 08:17:49 [main] WARN  org.hibernate.orm.deprecation - HHH90000012: Recognized obsolete hibernate namespace http://hibernate.sourceforge.net/hibernate-configuration. Use namespace http://www.hibernate.org/dtd/hibernate-configuration instead.  Support for obsolete DTD/XSD namespaces may be removed at any time.
2025-09-11 08:17:49 [main] WARN  o.hibernate.orm.connections.pooling - HHH10001002: Using built-in connection pool (not intended for production use)
2025-09-11 08:17:50 [main] DEBUG org.hibernate.SQL - 
    insert 
    into
        USERS
        (ADDRESS, BIRTHDATE, CREATED_AT, CUI, EMAIL, ENABLED, EXPIRATION_DATE, NAME, PAID_SERVICE, PASSWORD, PHONE, ID_POLICY, ROL) 
    values
        (?, ?, ?, ?, ?, ?, ?, ?, ?, ?, ?, ?, ?)
2025-09-11 08:17:50 [main] DEBUG org.hibernate.SQL - 
    select
        last_insert_rowid()
2025-09-11 08:17:50 [main] WARN  org.hibernate.orm.deprecation - HHH90000012: Recognized obsolete hibernate namespace http://hibernate.sourceforge.net/hibernate-configuration. Use namespace http://www.hibernate.org/dtd/hibernate-configuration instead.  Support for obsolete DTD/XSD namespaces may be removed at any time.
2025-09-11 08:17:50 [main] WARN  o.hibernate.orm.connections.pooling - HHH10001002: Using built-in connection pool (not intended for production use)
2025-09-11 08:17:50 [main] DEBUG org.hibernate.SQL - 
    insert 
    into
        USERS
        (ADDRESS, BIRTHDATE, CREATED_AT, CUI, EMAIL, ENABLED, EXPIRATION_DATE, NAME, PAID_SERVICE, PASSWORD, PHONE, ID_POLICY, ROL) 
    values
        (?, ?, ?, ?, ?, ?, ?, ?, ?, ?, ?, ?, ?)
2025-09-11 08:17:50 [main] DEBUG org.hibernate.SQL - 
    select
        last_insert_rowid()
