nohup: ignoring input
22:41:59,929 |-INFO in ch.qos.logback.classic.LoggerContext[default] - This is logback-classic version ?
22:41:59,931 |-INFO in ch.qos.logback.classic.util.ContextInitializer@2145433b - No custom configurators were discovered as a service.
22:41:59,931 |-INFO in ch.qos.logback.classic.util.ContextInitializer@2145433b - Trying to configure with ch.qos.logback.classic.joran.SerializedModelConfigurator
22:41:59,932 |-INFO in ch.qos.logback.classic.util.ContextInitializer@2145433b - Constructed configurator of type class ch.qos.logback.classic.joran.SerializedModelConfigurator
22:41:59,939 |-INFO in ch.qos.logback.classic.LoggerContext[default] - Could NOT find resource [logback-test.scmo]
22:41:59,939 |-INFO in ch.qos.logback.classic.LoggerContext[default] - Could NOT find resource [logback.scmo]
22:41:59,949 |-INFO in ch.qos.logback.classic.util.ContextInitializer@2145433b - ch.qos.logback.classic.joran.SerializedModelConfigurator.configure() call lasted 8 milliseconds. ExecutionStatus=INVOKE_NEXT_IF_ANY
22:41:59,949 |-INFO in ch.qos.logback.classic.util.ContextInitializer@2145433b - Trying to configure with ch.qos.logback.classic.util.DefaultJoranConfigurator
22:41:59,950 |-INFO in ch.qos.logback.classic.util.ContextInitializer@2145433b - Constructed configurator of type class ch.qos.logback.classic.util.DefaultJoranConfigurator
22:41:59,951 |-INFO in ch.qos.logback.classic.LoggerContext[default] - Could NOT find resource [logback-test.xml]
22:41:59,955 |-INFO in ch.qos.logback.classic.LoggerContext[default] - Found resource [logback.xml] at [jar:file:/home/pablopolis2016/Documents/ensurancePharmacy/backv5/target/backv5-1.0-SNAPSHOT.jar!/logback.xml]
22:41:59,960 |-INFO in ch.qos.logback.core.joran.spi.ConfigurationWatchList@2890c451 - URL [jar:file:/home/pablopolis2016/Documents/ensurancePharmacy/backv5/target/backv5-1.0-SNAPSHOT.jar!/logback.xml] is not of type file
22:42:00,061 |-INFO in ch.qos.logback.core.model.processor.AppenderModelHandler - Processing appender named [CONSOLE]
22:42:00,061 |-INFO in ch.qos.logback.core.model.processor.AppenderModelHandler - About to instantiate appender of type [ch.qos.logback.core.ConsoleAppender]
22:42:00,069 |-INFO in ch.qos.logback.core.model.processor.ImplicitModelHandler - Assuming default type [ch.qos.logback.classic.encoder.PatternLayoutEncoder] for [encoder] property
22:42:00,100 |-INFO in ch.qos.logback.core.model.processor.AppenderModelHandler - Processing appender named [FILE]
22:42:00,100 |-INFO in ch.qos.logback.core.model.processor.AppenderModelHandler - About to instantiate appender of type [ch.qos.logback.core.rolling.RollingFileAppender]
22:42:00,116 |-INFO in c.q.l.core.rolling.TimeBasedRollingPolicy@1088872417 - No compression will be used
22:42:00,117 |-INFO in c.q.l.core.rolling.TimeBasedRollingPolicy@1088872417 - Will use the pattern logs/ensurance-backv5.%d{yyyy-MM-dd}.%i.log for the active file
22:42:00,143 |-INFO in ch.qos.logback.core.rolling.SizeAndTimeBasedFNATP@1b083826 - The date pattern is 'yyyy-MM-dd' from file name pattern 'logs/ensurance-backv5.%d{yyyy-MM-dd}.%i.log'.
22:42:00,143 |-INFO in ch.qos.logback.core.rolling.SizeAndTimeBasedFNATP@1b083826 - Roll-over at midnight.
22:42:00,149 |-INFO in ch.qos.logback.core.rolling.SizeAndTimeBasedFNATP@1b083826 - Setting initial period to 2025-10-06T22:30:49.533Z
22:42:00,150 |-WARN in ch.qos.logback.core.rolling.SizeAndTimeBasedFNATP@1b083826 - SizeAndTimeBasedFNATP is deprecated. Use SizeAndTimeBasedRollingPolicy instead
22:42:00,150 |-WARN in ch.qos.logback.core.rolling.SizeAndTimeBasedFNATP@1b083826 - For more information see http://logback.qos.ch/manual/appenders.html#SizeAndTimeBasedRollingPolicy
22:42:00,153 |-INFO in ch.qos.logback.core.model.processor.ImplicitModelHandler - Assuming default type [ch.qos.logback.classic.encoder.PatternLayoutEncoder] for [encoder] property
22:42:00,157 |-INFO in ch.qos.logback.core.rolling.RollingFileAppender[FILE] - Active log file name: logs/ensurance-backv5.log
22:42:00,157 |-INFO in ch.qos.logback.core.rolling.RollingFileAppender[FILE] - File property is set to [logs/ensurance-backv5.log]
22:42:00,158 |-INFO in ch.qos.logback.classic.model.processor.RootLoggerModelHandler - Setting level of ROOT logger to INFO
22:42:00,159 |-INFO in ch.qos.logback.core.model.processor.AppenderRefModelHandler - Attaching appender named [CONSOLE] to Logger[ROOT]
22:42:00,159 |-INFO in ch.qos.logback.core.model.processor.AppenderRefModelHandler - Attaching appender named [FILE] to Logger[ROOT]
22:42:00,160 |-INFO in ch.qos.logback.classic.model.processor.LoggerModelHandler - Setting level of logger [com.sources.app] to INFO
22:42:00,163 |-INFO in ch.qos.logback.classic.model.processor.LoggerModelHandler - Setting additivity of logger [com.sources.app] to false
22:42:00,164 |-INFO in ch.qos.logback.core.model.processor.AppenderRefModelHandler - Attaching appender named [CONSOLE] to Logger[com.sources.app]
22:42:00,164 |-INFO in ch.qos.logback.core.model.processor.AppenderRefModelHandler - Attaching appender named [FILE] to Logger[com.sources.app]
22:42:00,164 |-INFO in ch.qos.logback.classic.model.processor.LoggerModelHandler - Setting level of logger [org.hibernate] to WARN
22:42:00,164 |-INFO in ch.qos.logback.classic.model.processor.LoggerModelHandler - Setting level of logger [org.hibernate.SQL] to DEBUG
22:42:00,164 |-INFO in ch.qos.logback.core.model.processor.DefaultProcessor@105fece7 - End of configuration.
22:42:00,164 |-INFO in ch.qos.logback.classic.joran.JoranConfigurator@3ec300f1 - Registering current configuration as safe fallback point
22:42:00,165 |-INFO in ch.qos.logback.classic.util.ContextInitializer@2145433b - ch.qos.logback.classic.util.DefaultJoranConfigurator.configure() call lasted 214 milliseconds. ExecutionStatus=DO_NOT_INVOKE_NEXT_IF_ANY

Oct 06, 2025 10:42:00 PM com.sources.app.util.HibernateUtil buildSessionFactory
WARNING: Variable DB_SCHEMA_PHARMACY no definida, usando esquema por defecto
2025-10-06 22:42:00 [main] WARN  o.hibernate.orm.connections.pooling - HHH10001002: Using built-in connection pool (not intended for production use)
2025-10-06 22:42:02 [main] INFO  com.sources.app.App - Conexión exitosa a la base de datos!
2025-10-06 22:42:02 [main] INFO  com.sources.app.App - Métricas disponibles en http://0.0.0.0:9464/metrics
2025-10-06 22:42:02 [main] INFO  com.sources.app.App - Servidor iniciado en http://0.0.0.0:8082/api2
